<?xml version="1.0" encoding="UTF-8"?>
<!-- Generated by org.testng.reporters.JUnitReportReporter -->
<testsuite hostname="IN-GMYM2J3" failures="0" tests="3" name="Testpackage.testclass" time="0.013" errors="0" timestamp="2024-10-12T15:17:52 IST" skipped="0">
  <testcase classname="Testpackage.testclass" name="subtraction" time="0.005"/>
  <testcase classname="Testpackage.testclass" name="multiply" time="0.000"/>
  <testcase classname="Testpackage.testclass" name="addition" time="0.008"/>
</testsuite> <!-- Testpackage.testclass -->
